<?xml version="1.0" encoding="UTF-8"?>
<testsuite name="com.fnd.games_store.ContextLoadsTest" tests="1" skipped="0" failures="0" errors="0" timestamp="2022-07-16T15:00:01" hostname="localhost.localdomain" time="0.133">
  <properties/>
  <testcase name="contextLoadsTest()" classname="com.fnd.games_store.ContextLoadsTest" time="0.133"/>
  <system-out><![CDATA[17:59:53.122 [Test worker] DEBUG org.springframework.test.context.BootstrapUtils - Instantiating CacheAwareContextLoaderDelegate from class [org.springframework.test.context.cache.DefaultCacheAwareContextLoaderDelegate]
17:59:53.135 [Test worker] DEBUG org.springframework.test.context.BootstrapUtils - Instantiating BootstrapContext using constructor [public org.springframework.test.context.support.DefaultBootstrapContext(java.lang.Class,org.springframework.test.context.CacheAwareContextLoaderDelegate)]
17:59:53.179 [Test worker] DEBUG org.springframework.test.context.BootstrapUtils - Instantiating TestContextBootstrapper for test class [com.fnd.games_store.ContextLoadsTest] from class [org.springframework.boot.test.context.SpringBootTestContextBootstrapper]
17:59:53.194 [Test worker] INFO org.springframework.boot.test.context.SpringBootTestContextBootstrapper - Neither @ContextConfiguration nor @ContextHierarchy found for test class [com.fnd.games_store.ContextLoadsTest], using SpringBootContextLoader
17:59:53.198 [Test worker] DEBUG org.springframework.test.context.support.AbstractContextLoader - Did not detect default resource location for test class [com.fnd.games_store.ContextLoadsTest]: class path resource [com/fnd/games_store/ContextLoadsTest-context.xml] does not exist
17:59:53.199 [Test worker] DEBUG org.springframework.test.context.support.AbstractContextLoader - Did not detect default resource location for test class [com.fnd.games_store.ContextLoadsTest]: class path resource [com/fnd/games_store/ContextLoadsTestContext.groovy] does not exist
17:59:53.200 [Test worker] INFO org.springframework.test.context.support.AbstractContextLoader - Could not detect default resource locations for test class [com.fnd.games_store.ContextLoadsTest]: no resource found for suffixes {-context.xml, Context.groovy}.
17:59:53.267 [Test worker] DEBUG org.springframework.test.context.support.ActiveProfilesUtils - Could not find an 'annotation declaring class' for annotation type [org.springframework.test.context.ActiveProfiles] and class [com.fnd.games_store.ContextLoadsTest]
17:59:53.425 [Test worker] DEBUG org.springframework.boot.test.context.SpringBootTestContextBootstrapper - @TestExecutionListeners is not present for class [com.fnd.games_store.ContextLoadsTest]: using defaults.
17:59:53.425 [Test worker] INFO org.springframework.boot.test.context.SpringBootTestContextBootstrapper - Loaded default TestExecutionListener class names from location [META-INF/spring.factories]: [org.springframework.boot.test.autoconfigure.restdocs.RestDocsTestExecutionListener, org.springframework.boot.test.autoconfigure.web.client.MockRestServiceServerResetTestExecutionListener, org.springframework.boot.test.autoconfigure.web.servlet.MockMvcPrintOnlyOnFailureTestExecutionListener, org.springframework.boot.test.autoconfigure.web.servlet.WebDriverTestExecutionListener, org.springframework.boot.test.autoconfigure.webservices.client.MockWebServiceServerTestExecutionListener, org.springframework.boot.test.mock.mockito.MockitoTestExecutionListener, org.springframework.boot.test.mock.mockito.ResetMocksTestExecutionListener, org.springframework.test.context.web.ServletTestExecutionListener, org.springframework.test.context.support.DirtiesContextBeforeModesTestExecutionListener, org.springframework.test.context.event.ApplicationEventsTestExecutionListener, org.springframework.test.context.support.DependencyInjectionTestExecutionListener, org.springframework.test.context.support.DirtiesContextTestExecutionListener, org.springframework.test.context.transaction.TransactionalTestExecutionListener, org.springframework.test.context.jdbc.SqlScriptsTestExecutionListener, org.springframework.test.context.event.EventPublishingTestExecutionListener]
17:59:53.442 [Test worker] INFO org.springframework.boot.test.context.SpringBootTestContextBootstrapper - Using TestExecutionListeners: [org.springframework.test.context.web.ServletTestExecutionListener@12ed9db6, org.springframework.test.context.support.DirtiesContextBeforeModesTestExecutionListener@4ff4357f, org.springframework.test.context.event.ApplicationEventsTestExecutionListener@49cb9cb5, org.springframework.boot.test.mock.mockito.MockitoTestExecutionListener@55322aab, org.springframework.boot.test.autoconfigure.SpringBootDependencyInjectionTestExecutionListener@2b4c1d96, org.springframework.test.context.support.DirtiesContextTestExecutionListener@45fd9a4d, org.springframework.test.context.transaction.TransactionalTestExecutionListener@50468873, org.springframework.test.context.jdbc.SqlScriptsTestExecutionListener@146587a2, org.springframework.test.context.event.EventPublishingTestExecutionListener@5f0e9815, org.springframework.boot.test.autoconfigure.restdocs.RestDocsTestExecutionListener@76884e4b, org.springframework.boot.test.autoconfigure.web.client.MockRestServiceServerResetTestExecutionListener@126945f9, org.springframework.boot.test.autoconfigure.web.servlet.MockMvcPrintOnlyOnFailureTestExecutionListener@2a898881, org.springframework.boot.test.autoconfigure.web.servlet.WebDriverTestExecutionListener@16c63f5, org.springframework.boot.test.autoconfigure.webservices.client.MockWebServiceServerTestExecutionListener@35229f85, org.springframework.boot.test.mock.mockito.ResetMocksTestExecutionListener@6d3c5255]
17:59:53.447 [Test worker] DEBUG org.springframework.test.context.support.AbstractDirtiesContextTestExecutionListener - Before test class: context [DefaultTestContext@687ef2e0 testClass = ContextLoadsTest, testInstance = [null], testMethod = [null], testException = [null], mergedContextConfiguration = [WebMergedContextConfiguration@15dcfae7 testClass = ContextLoadsTest, locations = '{}', classes = '{class com.fnd.games_store.games.GamesApplication}', contextInitializerClasses = '[]', activeProfiles = '{}', propertySourceLocations = '{}', propertySourceProperties = '{org.springframework.boot.test.context.SpringBootTestContextBootstrapper=true}', contextCustomizers = set[org.springframework.boot.test.autoconfigure.actuate.metrics.MetricsExportContextCustomizerFactory$DisableMetricExportContextCustomizer@3bcd05cb, org.springframework.boot.test.autoconfigure.properties.PropertyMappingContextCustomizer@0, org.springframework.boot.test.autoconfigure.web.servlet.WebDriverContextCustomizerFactory$Customizer@50f6ac94, org.springframework.boot.test.context.filter.ExcludeFilterContextCustomizer@7f2cfe3f, org.springframework.boot.test.json.DuplicateJsonObjectContextCustomizerFactory$DuplicateJsonObjectContextCustomizer@6bb4dd34, org.springframework.boot.test.mock.mockito.MockitoContextCustomizer@0, org.springframework.boot.test.web.client.TestRestTemplateContextCustomizer@9cb8225, org.springframework.boot.test.context.SpringBootTestArgs@1, org.springframework.boot.test.context.SpringBootTestWebEnvironment@4c9f8c13], resourceBasePath = 'src/main/webapp', contextLoader = 'org.springframework.boot.test.context.SpringBootContextLoader', parent = [null]], attributes = map['org.springframework.test.context.web.ServletTestExecutionListener.activateListener' -> true]], class annotated with @DirtiesContext [false] with mode [null].

  .   ____          _            __ _ _
 /\\ / ___'_ __ _ _(_)_ __  __ _ \ \ \ \
( ( )\___ | '_ | '_| | '_ \/ _` | \ \ \ \
 \\/  ___)| |_)| | | | | || (_| |  ) ) ) )
  '  |____| .__|_| |_|_| |_\__, | / / / /
 =========|_|==============|___/=/_/_/_/
 :: Spring Boot ::                (v2.7.0)

2022-07-16 17:59:54.034  INFO [,,] 19277 --- [    Test worker] com.fnd.games_store.ContextLoadsTest     : Starting ContextLoadsTest using Java 1.8.0_332 on localhost.localdomain with PID 19277 (started by sergey in /home/sergey/IntelijIdea-workspace/fnd_games_store/games-service)
2022-07-16 17:59:54.036  INFO [,,] 19277 --- [    Test worker] com.fnd.games_store.ContextLoadsTest     : The following 1 profile is active: "test"
2022-07-16 17:59:55.257  INFO [,,] 19277 --- [    Test worker] .s.d.r.c.RepositoryConfigurationDelegate : Bootstrapping Spring Data JPA repositories in DEFAULT mode.
2022-07-16 17:59:55.453  INFO [,,] 19277 --- [    Test worker] .s.d.r.c.RepositoryConfigurationDelegate : Finished Spring Data repository scanning in 187 ms. Found 1 JPA repository interfaces.
2022-07-16 17:59:55.895  INFO [,,] 19277 --- [    Test worker] o.s.cloud.context.scope.GenericScope     : BeanFactory id=dc906c18-d7f6-33c7-b927-38a21099acc8
2022-07-16 17:59:56.793  INFO [,,] 19277 --- [    Test worker] o.hibernate.jpa.internal.util.LogHelper  : HHH000204: Processing PersistenceUnitInfo [name: default]
2022-07-16 17:59:56.848  INFO [,,] 19277 --- [    Test worker] org.hibernate.Version                    : HHH000412: Hibernate ORM core version 5.6.9.Final
2022-07-16 17:59:57.036  INFO [,,] 19277 --- [    Test worker] o.hibernate.annotations.common.Version   : HCANN000001: Hibernate Commons Annotations {5.1.2.Final}
2022-07-16 17:59:57.155  INFO [,,] 19277 --- [    Test worker] org.hibernate.dialect.Dialect            : HHH000400: Using dialect: org.hibernate.dialect.H2Dialect
2022-07-16 17:59:57.752  INFO [,,] 19277 --- [    Test worker] com.zaxxer.hikari.HikariDataSource       : HikariPool-1 - Starting...
2022-07-16 17:59:57.984  INFO [,,] 19277 --- [    Test worker] com.zaxxer.hikari.HikariDataSource       : HikariPool-1 - Start completed.
2022-07-16 17:59:58.007  INFO [,,] 19277 --- [    Test worker] o.h.e.t.j.p.i.JtaPlatformInitiator       : HHH000490: Using JtaPlatform implementation: [org.hibernate.engine.transaction.jta.platform.internal.NoJtaPlatform]
2022-07-16 17:59:58.017  INFO [,,] 19277 --- [    Test worker] j.LocalContainerEntityManagerFactoryBean : Initialized JPA EntityManagerFactory for persistence unit 'default'
2022-07-16 17:59:59.219  WARN [,,] 19277 --- [    Test worker] JpaBaseConfiguration$JpaWebConfiguration : spring.jpa.open-in-view is enabled by default. Therefore, database queries may be performed during view rendering. Explicitly configure spring.jpa.open-in-view to disable this warning
2022-07-16 17:59:59.959  INFO [,,] 19277 --- [    Test worker] o.s.b.a.h2.H2ConsoleAutoConfiguration    : H2 console available at '/h2'. Database available at 'jdbc:h2:mem:testdb'
2022-07-16 18:00:00.971  INFO [,,] 19277 --- [    Test worker] DiscoveryClientOptionalArgsConfiguration : Eureka HTTP Client uses RestTemplate.
2022-07-16 18:00:01.486  WARN [,,] 19277 --- [    Test worker] iguration$LoadBalancerCaffeineWarnLogger : Spring Cloud LoadBalancer is currently working with the default cache. While this cache implementation is useful for development and tests, it's recommended to use Caffeine cache in production.You can switch to using Caffeine cache, by adding it and org.springframework.cache.caffeine.CaffeineCacheManager to the classpath.
2022-07-16 18:00:01.681  INFO [,,] 19277 --- [    Test worker] o.s.b.a.e.web.EndpointLinksResolver      : Exposing 1 endpoint(s) beneath base path '/actuator'
2022-07-16 18:00:01.781  INFO [,,] 19277 --- [    Test worker] com.fnd.games_store.ContextLoadsTest     : Started ContextLoadsTest in 8.282 seconds (JVM running for 9.943)
]]></system-out>
  <system-err><![CDATA[]]></system-err>
</testsuite>
