<?xml version="1.0" encoding="UTF-8"?>
<testsuite name="com.fnd.games_store.service.GameControllerUnitTesting" tests="4" skipped="0" failures="0" errors="0" timestamp="2022-07-16T15:00:06" hostname="localhost.localdomain" time="0.054">
  <properties/>
  <testcase name="getMethodShouldReturnProperObject()" classname="com.fnd.games_store.service.GameControllerUnitTesting" time="0.025"/>
  <testcase name="getMethodShouldThrowException()" classname="com.fnd.games_store.service.GameControllerUnitTesting" time="0.009"/>
  <testcase name="createMethodShouldCreateProperObject()" classname="com.fnd.games_store.service.GameControllerUnitTesting" time="0.003"/>
  <testcase name="getGamesCatalogueMethodShouldReturnListOfProperObjects()" classname="com.fnd.games_store.service.GameControllerUnitTesting" time="0.015"/>
  <system-out><![CDATA[]]></system-out>
  <system-err><![CDATA[]]></system-err>
</testsuite>
