<?xml version="1.0" encoding="UTF-8"?>
<testsuite name="com.fnd.games_store.controller.GameControllerIntegrationTesting" tests="1" skipped="0" failures="0" errors="0" timestamp="2022-07-16T15:00:05" hostname="localhost.localdomain" time="0.215">
  <properties/>
  <testcase name="test1()" classname="com.fnd.games_store.controller.GameControllerIntegrationTesting" time="0.215"/>
  <system-out><![CDATA[2022-07-16 18:00:01.991  INFO [,,] 19277 --- [    Test worker] .b.t.c.SpringBootTestContextBootstrapper : Neither @ContextConfiguration nor @ContextHierarchy found for test class [com.fnd.games_store.controller.GameControllerIntegrationTesting], using SpringBootContextLoader
2022-07-16 18:00:01.992  INFO [,,] 19277 --- [    Test worker] o.s.t.c.support.AbstractContextLoader    : Could not detect default resource locations for test class [com.fnd.games_store.controller.GameControllerIntegrationTesting]: no resource found for suffixes {-context.xml, Context.groovy}.
2022-07-16 18:00:02.006  INFO [,,] 19277 --- [    Test worker] .b.t.c.SpringBootTestContextBootstrapper : Loaded default TestExecutionListener class names from location [META-INF/spring.factories]: [org.springframework.boot.test.autoconfigure.restdocs.RestDocsTestExecutionListener, org.springframework.boot.test.autoconfigure.web.client.MockRestServiceServerResetTestExecutionListener, org.springframework.boot.test.autoconfigure.web.servlet.MockMvcPrintOnlyOnFailureTestExecutionListener, org.springframework.boot.test.autoconfigure.web.servlet.WebDriverTestExecutionListener, org.springframework.boot.test.autoconfigure.webservices.client.MockWebServiceServerTestExecutionListener, org.springframework.boot.test.mock.mockito.MockitoTestExecutionListener, org.springframework.boot.test.mock.mockito.ResetMocksTestExecutionListener, org.springframework.test.context.web.ServletTestExecutionListener, org.springframework.test.context.support.DirtiesContextBeforeModesTestExecutionListener, org.springframework.test.context.event.ApplicationEventsTestExecutionListener, org.springframework.test.context.support.DependencyInjectionTestExecutionListener, org.springframework.test.context.support.DirtiesContextTestExecutionListener, org.springframework.test.context.transaction.TransactionalTestExecutionListener, org.springframework.test.context.jdbc.SqlScriptsTestExecutionListener, org.springframework.test.context.event.EventPublishingTestExecutionListener]
2022-07-16 18:00:02.007  INFO [,,] 19277 --- [    Test worker] .b.t.c.SpringBootTestContextBootstrapper : Using TestExecutionListeners: [org.springframework.test.context.web.ServletTestExecutionListener@6c9e7af2, org.springframework.test.context.support.DirtiesContextBeforeModesTestExecutionListener@48cbb4c5, org.springframework.test.context.event.ApplicationEventsTestExecutionListener@af04d6d, org.springframework.boot.test.mock.mockito.MockitoTestExecutionListener@2740585b, org.springframework.boot.test.autoconfigure.SpringBootDependencyInjectionTestExecutionListener@3816efab, org.springframework.test.context.support.DirtiesContextTestExecutionListener@2d6e09f0, org.springframework.test.context.transaction.TransactionalTestExecutionListener@257da215, org.springframework.test.context.jdbc.SqlScriptsTestExecutionListener@5aa461, org.springframework.test.context.event.EventPublishingTestExecutionListener@f3e6876, org.springframework.boot.test.autoconfigure.restdocs.RestDocsTestExecutionListener@52c2d1e8, org.springframework.boot.test.autoconfigure.web.client.MockRestServiceServerResetTestExecutionListener@1a67bcaf, org.springframework.boot.test.autoconfigure.web.servlet.MockMvcPrintOnlyOnFailureTestExecutionListener@4f4b7a2e, org.springframework.boot.test.autoconfigure.web.servlet.WebDriverTestExecutionListener@334ac669, org.springframework.boot.test.autoconfigure.webservices.client.MockWebServiceServerTestExecutionListener@77430c79, org.springframework.boot.test.mock.mockito.ResetMocksTestExecutionListener@506654fa]

  .   ____          _            __ _ _
 /\\ / ___'_ __ _ _(_)_ __  __ _ \ \ \ \
( ( )\___ | '_ | '_| | '_ \/ _` | \ \ \ \
 \\/  ___)| |_)| | | | | || (_| |  ) ) ) )
  '  |____| .__|_| |_|_| |_\__, | / / / /
 =========|_|==============|___/=/_/_/_/
 :: Spring Boot ::                (v2.7.0)

2022-07-16 18:00:02.063  INFO [,,] 19277 --- [    Test worker] c.f.g.c.GameControllerIntegrationTesting : Starting GameControllerIntegrationTesting using Java 1.8.0_332 on localhost.localdomain with PID 19277 (started by sergey in /home/sergey/IntelijIdea-workspace/fnd_games_store/games-service)
2022-07-16 18:00:02.064  INFO [,,] 19277 --- [    Test worker] c.f.g.c.GameControllerIntegrationTesting : The following 1 profile is active: "test"
2022-07-16 18:00:02.456  INFO [,,] 19277 --- [    Test worker] .s.d.r.c.RepositoryConfigurationDelegate : Bootstrapping Spring Data JPA repositories in DEFAULT mode.
2022-07-16 18:00:02.463  INFO [,,] 19277 --- [    Test worker] .s.d.r.c.RepositoryConfigurationDelegate : Finished Spring Data repository scanning in 6 ms. Found 1 JPA repository interfaces.
2022-07-16 18:00:02.553  INFO [,,] 19277 --- [    Test worker] o.s.cloud.context.scope.GenericScope     : BeanFactory id=d81cb1ea-e6bd-3740-a254-295a80cab05e
2022-07-16 18:00:02.904  INFO [,,] 19277 --- [    Test worker] o.hibernate.jpa.internal.util.LogHelper  : HHH000204: Processing PersistenceUnitInfo [name: default]
2022-07-16 18:00:02.914  INFO [,,] 19277 --- [    Test worker] org.hibernate.dialect.Dialect            : HHH000400: Using dialect: org.hibernate.dialect.H2Dialect
2022-07-16 18:00:02.956  INFO [,,] 19277 --- [    Test worker] com.zaxxer.hikari.HikariDataSource       : HikariPool-2 - Starting...
2022-07-16 18:00:02.957  INFO [,,] 19277 --- [    Test worker] com.zaxxer.hikari.HikariDataSource       : HikariPool-2 - Start completed.
2022-07-16 18:00:02.962  INFO [,,] 19277 --- [    Test worker] o.h.e.t.j.p.i.JtaPlatformInitiator       : HHH000490: Using JtaPlatform implementation: [org.hibernate.engine.transaction.jta.platform.internal.NoJtaPlatform]
2022-07-16 18:00:02.963  INFO [,,] 19277 --- [    Test worker] j.LocalContainerEntityManagerFactoryBean : Initialized JPA EntityManagerFactory for persistence unit 'default'
2022-07-16 18:00:03.195  WARN [,,] 19277 --- [    Test worker] JpaBaseConfiguration$JpaWebConfiguration : spring.jpa.open-in-view is enabled by default. Therefore, database queries may be performed during view rendering. Explicitly configure spring.jpa.open-in-view to disable this warning
2022-07-16 18:00:03.599  INFO [,,] 19277 --- [    Test worker] o.s.b.a.h2.H2ConsoleAutoConfiguration    : H2 console available at '/h2'. Database available at 'jdbc:h2:mem:testdb'
2022-07-16 18:00:04.476  INFO [,,] 19277 --- [    Test worker] o.s.b.t.m.w.SpringBootMockServletContext : Initializing Spring TestDispatcherServlet ''
2022-07-16 18:00:04.477  INFO [,,] 19277 --- [    Test worker] o.s.t.web.servlet.TestDispatcherServlet  : Initializing Servlet ''
2022-07-16 18:00:04.488  INFO [,,] 19277 --- [    Test worker] o.s.b.a.e.web.EndpointLinksResolver      : Exposing 1 endpoint(s) beneath base path '/actuator'
2022-07-16 18:00:04.526  INFO [,,] 19277 --- [    Test worker] o.s.t.web.servlet.TestDispatcherServlet  : Completed initialization in 49 ms
2022-07-16 18:00:04.575  INFO [,,] 19277 --- [    Test worker] DiscoveryClientOptionalArgsConfiguration : Eureka HTTP Client uses RestTemplate.
2022-07-16 18:00:04.928  WARN [,,] 19277 --- [    Test worker] iguration$LoadBalancerCaffeineWarnLogger : Spring Cloud LoadBalancer is currently working with the default cache. While this cache implementation is useful for development and tests, it's recommended to use Caffeine cache in production.You can switch to using Caffeine cache, by adding it and org.springframework.cache.caffeine.CaffeineCacheManager to the classpath.
2022-07-16 18:00:05.123  INFO [,,] 19277 --- [    Test worker] c.f.g.c.GameControllerIntegrationTesting : Started GameControllerIntegrationTesting in 3.113 seconds (JVM running for 13.285)
]]></system-out>
  <system-err><![CDATA[]]></system-err>
</testsuite>
