<?xml version="1.0" encoding="UTF-8"?>
<testsuite name="com.fnd.games_store.repository.GameRepositoryJpaIntegrationTesting" tests="1" skipped="0" failures="0" errors="0" timestamp="2022-07-16T15:00:05" hostname="localhost.localdomain" time="0.225">
  <properties/>
  <testcase name="createdEntityShouldEqualsReturnedEntity()" classname="com.fnd.games_store.repository.GameRepositoryJpaIntegrationTesting" time="0.225"/>
  <system-out><![CDATA[2022-07-16 18:00:05.353  INFO [,,] 19277 --- [    Test worker] .b.t.c.SpringBootTestContextBootstrapper : Neither @ContextConfiguration nor @ContextHierarchy found for test class [com.fnd.games_store.repository.GameRepositoryJpaIntegrationTesting], using SpringBootContextLoader
2022-07-16 18:00:05.354  INFO [,,] 19277 --- [    Test worker] o.s.t.c.support.AbstractContextLoader    : Could not detect default resource locations for test class [com.fnd.games_store.repository.GameRepositoryJpaIntegrationTesting]: no resource found for suffixes {-context.xml, Context.groovy}.
2022-07-16 18:00:05.368  INFO [,,] 19277 --- [    Test worker] .b.t.c.SpringBootTestContextBootstrapper : Loaded default TestExecutionListener class names from location [META-INF/spring.factories]: [org.springframework.boot.test.autoconfigure.restdocs.RestDocsTestExecutionListener, org.springframework.boot.test.autoconfigure.web.client.MockRestServiceServerResetTestExecutionListener, org.springframework.boot.test.autoconfigure.web.servlet.MockMvcPrintOnlyOnFailureTestExecutionListener, org.springframework.boot.test.autoconfigure.web.servlet.WebDriverTestExecutionListener, org.springframework.boot.test.autoconfigure.webservices.client.MockWebServiceServerTestExecutionListener, org.springframework.boot.test.mock.mockito.MockitoTestExecutionListener, org.springframework.boot.test.mock.mockito.ResetMocksTestExecutionListener, org.springframework.test.context.web.ServletTestExecutionListener, org.springframework.test.context.support.DirtiesContextBeforeModesTestExecutionListener, org.springframework.test.context.event.ApplicationEventsTestExecutionListener, org.springframework.test.context.support.DependencyInjectionTestExecutionListener, org.springframework.test.context.support.DirtiesContextTestExecutionListener, org.springframework.test.context.transaction.TransactionalTestExecutionListener, org.springframework.test.context.jdbc.SqlScriptsTestExecutionListener, org.springframework.test.context.event.EventPublishingTestExecutionListener]
2022-07-16 18:00:05.368  INFO [,,] 19277 --- [    Test worker] .b.t.c.SpringBootTestContextBootstrapper : Using TestExecutionListeners: [org.springframework.test.context.web.ServletTestExecutionListener@2a7ed9bd, org.springframework.test.context.support.DirtiesContextBeforeModesTestExecutionListener@7ba38cce, org.springframework.test.context.event.ApplicationEventsTestExecutionListener@28dae87e, org.springframework.boot.test.mock.mockito.MockitoTestExecutionListener@80f3111, org.springframework.boot.test.autoconfigure.SpringBootDependencyInjectionTestExecutionListener@54e0b29c, org.springframework.test.context.support.DirtiesContextTestExecutionListener@33428132, org.springframework.test.context.transaction.TransactionalTestExecutionListener@4c24063c, org.springframework.test.context.jdbc.SqlScriptsTestExecutionListener@3dd22110, org.springframework.test.context.event.EventPublishingTestExecutionListener@6cf71064, org.springframework.boot.test.autoconfigure.restdocs.RestDocsTestExecutionListener@4b9b57d9, org.springframework.boot.test.autoconfigure.web.client.MockRestServiceServerResetTestExecutionListener@2762bd70, org.springframework.boot.test.autoconfigure.web.servlet.MockMvcPrintOnlyOnFailureTestExecutionListener@b94c22d, org.springframework.boot.test.autoconfigure.web.servlet.WebDriverTestExecutionListener@5fb4870b, org.springframework.boot.test.autoconfigure.webservices.client.MockWebServiceServerTestExecutionListener@4e8036bb, org.springframework.boot.test.mock.mockito.ResetMocksTestExecutionListener@7c3b8b26]

  .   ____          _            __ _ _
 /\\ / ___'_ __ _ _(_)_ __  __ _ \ \ \ \
( ( )\___ | '_ | '_| | '_ \/ _` | \ \ \ \
 \\/  ___)| |_)| | | | | || (_| |  ) ) ) )
  '  |____| .__|_| |_|_| |_\__, | / / / /
 =========|_|==============|___/=/_/_/_/
 :: Spring Boot ::                (v2.7.0)

2022-07-16 18:00:05.418  INFO [,,] 19277 --- [    Test worker] .g.r.GameRepositoryJpaIntegrationTesting : Starting GameRepositoryJpaIntegrationTesting using Java 1.8.0_332 on localhost.localdomain with PID 19277 (started by sergey in /home/sergey/IntelijIdea-workspace/fnd_games_store/games-service)
2022-07-16 18:00:05.418  INFO [,,] 19277 --- [    Test worker] .g.r.GameRepositoryJpaIntegrationTesting : The following 1 profile is active: "test"
2022-07-16 18:00:05.499  INFO [,,] 19277 --- [    Test worker] .s.d.r.c.RepositoryConfigurationDelegate : Bootstrapping Spring Data JPA repositories in DEFAULT mode.
2022-07-16 18:00:05.507  INFO [,,] 19277 --- [    Test worker] .s.d.r.c.RepositoryConfigurationDelegate : Finished Spring Data repository scanning in 7 ms. Found 1 JPA repository interfaces.
2022-07-16 18:00:05.516  INFO [,,] 19277 --- [    Test worker] beddedDataSourceBeanFactoryPostProcessor : Replacing 'dataSource' DataSource bean with embedded version
2022-07-16 18:00:05.559  INFO [,,] 19277 --- [    Test worker] o.s.j.d.e.EmbeddedDatabaseFactory        : Starting embedded database: url='jdbc:h2:mem:31c3b639-a786-4cd0-8f22-b90702a4af0f;DB_CLOSE_DELAY=-1;DB_CLOSE_ON_EXIT=false', username='sa'
2022-07-16 18:00:05.642  INFO [,,] 19277 --- [    Test worker] o.hibernate.jpa.internal.util.LogHelper  : HHH000204: Processing PersistenceUnitInfo [name: default]
2022-07-16 18:00:05.648  INFO [,,] 19277 --- [    Test worker] org.hibernate.dialect.Dialect            : HHH000400: Using dialect: org.hibernate.dialect.H2Dialect
Hibernate: drop table if exists games_catalogue CASCADE 
Hibernate: create table games_catalogue (game_id varchar(255) not null, description varchar(255), developer varchar(255), discount numeric(19,2), features varchar(255), genre varchar(255), name varchar(255), platform varchar(255), price numeric(19,2), publisher varchar(255), release_date varchar(255), primary key (game_id))
2022-07-16 18:00:05.691  INFO [,,] 19277 --- [    Test worker] o.h.e.t.j.p.i.JtaPlatformInitiator       : HHH000490: Using JtaPlatform implementation: [org.hibernate.engine.transaction.jta.platform.internal.NoJtaPlatform]
2022-07-16 18:00:05.692  INFO [,,] 19277 --- [    Test worker] j.LocalContainerEntityManagerFactoryBean : Initialized JPA EntityManagerFactory for persistence unit 'default'
2022-07-16 18:00:05.711  WARN [,,] 19277 --- [    Test worker] JpaBaseConfiguration$JpaWebConfiguration : spring.jpa.open-in-view is enabled by default. Therefore, database queries may be performed during view rendering. Explicitly configure spring.jpa.open-in-view to disable this warning
2022-07-16 18:00:05.834  INFO [,,] 19277 --- [    Test worker] .g.r.GameRepositoryJpaIntegrationTesting : Started GameRepositoryJpaIntegrationTesting in 0.463 seconds (JVM running for 13.996)
2022-07-16 18:00:05.848  INFO [,,] 19277 --- [    Test worker] o.s.t.c.transaction.TransactionContext   : Began transaction (1) for test context [DefaultTestContext@5c14c284 testClass = GameRepositoryJpaIntegrationTesting, testInstance = com.fnd.games_store.repository.GameRepositoryJpaIntegrationTesting@1aae50f9, testMethod = createdEntityShouldEqualsReturnedEntity@GameRepositoryJpaIntegrationTesting, testException = [null], mergedContextConfiguration = [WebMergedContextConfiguration@2b53d6fc testClass = GameRepositoryJpaIntegrationTesting, locations = '{}', classes = '{class com.fnd.games_store.games.GamesApplication}', contextInitializerClasses = '[]', activeProfiles = '{}', propertySourceLocations = '{}', propertySourceProperties = '{org.springframework.boot.test.context.SpringBootTestContextBootstrapper=true}', contextCustomizers = set[org.springframework.boot.test.autoconfigure.OverrideAutoConfigurationContextCustomizerFactory$DisableAutoConfigurationContextCustomizer@27f09e08, org.springframework.boot.test.autoconfigure.actuate.metrics.MetricsExportContextCustomizerFactory$DisableMetricExportContextCustomizer@3bcd05cb, org.springframework.boot.test.autoconfigure.filter.TypeExcludeFiltersContextCustomizer@351584c0, org.springframework.boot.test.autoconfigure.properties.PropertyMappingContextCustomizer@ef03a099, org.springframework.boot.test.autoconfigure.web.servlet.WebDriverContextCustomizerFactory$Customizer@50f6ac94, [ImportsContextCustomizer@3b30409 key = [org.springframework.boot.autoconfigure.cache.CacheAutoConfiguration, org.springframework.boot.autoconfigure.data.jpa.JpaRepositoriesAutoConfiguration, org.springframework.boot.autoconfigure.flyway.FlywayAutoConfiguration, org.springframework.boot.autoconfigure.jdbc.DataSourceAutoConfiguration, org.springframework.boot.autoconfigure.jdbc.DataSourceTransactionManagerAutoConfiguration, org.springframework.boot.autoconfigure.jdbc.JdbcTemplateAutoConfiguration, org.springframework.boot.autoconfigure.liquibase.LiquibaseAutoConfiguration, org.springframework.boot.autoconfigure.orm.jpa.HibernateJpaAutoConfiguration, org.springframework.boot.autoconfigure.sql.init.SqlInitializationAutoConfiguration, org.springframework.boot.autoconfigure.transaction.TransactionAutoConfiguration, org.springframework.boot.test.autoconfigure.jdbc.TestDatabaseAutoConfiguration, org.springframework.boot.test.autoconfigure.orm.jpa.TestEntityManagerAutoConfiguration]], org.springframework.boot.test.context.filter.ExcludeFilterContextCustomizer@7f2cfe3f, org.springframework.boot.test.json.DuplicateJsonObjectContextCustomizerFactory$DuplicateJsonObjectContextCustomizer@6bb4dd34, org.springframework.boot.test.mock.mockito.MockitoContextCustomizer@0, org.springframework.boot.test.web.client.TestRestTemplateContextCustomizer@9cb8225, org.springframework.boot.test.context.SpringBootTestArgs@1, org.springframework.boot.test.context.SpringBootTestWebEnvironment@4c9f8c13], resourceBasePath = 'src/main/webapp', contextLoader = 'org.springframework.boot.test.context.SpringBootContextLoader', parent = [null]], attributes = map['org.springframework.test.context.web.ServletTestExecutionListener.activateListener' -> true, 'org.springframework.test.context.web.ServletTestExecutionListener.populatedRequestContextHolder' -> true, 'org.springframework.test.context.web.ServletTestExecutionListener.resetRequestContextHolder' -> true, 'org.springframework.test.context.event.ApplicationEventsTestExecutionListener.recordApplicationEvents' -> false]]; transaction manager [org.springframework.orm.jpa.JpaTransactionManager@50e7f88b]; rollback [true]
Hibernate: insert into games_catalogue (description, developer, discount, features, genre, name, platform, price, publisher, release_date, game_id) values (?, ?, ?, ?, ?, ?, ?, ?, ?, ?, ?)
Hibernate: select game0_.game_id as game_id1_0_, game0_.description as descript2_0_, game0_.developer as develope3_0_, game0_.discount as discount4_0_, game0_.features as features5_0_, game0_.genre as genre6_0_, game0_.name as name7_0_, game0_.platform as platform8_0_, game0_.price as price9_0_, game0_.publisher as publish10_0_, game0_.release_date as release11_0_ from games_catalogue game0_ where game0_.name=?
2022-07-16 18:00:06.064  INFO [,,] 19277 --- [    Test worker] o.s.t.c.transaction.TransactionContext   : Rolled back transaction for test: [DefaultTestContext@5c14c284 testClass = GameRepositoryJpaIntegrationTesting, testInstance = com.fnd.games_store.repository.GameRepositoryJpaIntegrationTesting@1aae50f9, testMethod = createdEntityShouldEqualsReturnedEntity@GameRepositoryJpaIntegrationTesting, testException = [null], mergedContextConfiguration = [WebMergedContextConfiguration@2b53d6fc testClass = GameRepositoryJpaIntegrationTesting, locations = '{}', classes = '{class com.fnd.games_store.games.GamesApplication}', contextInitializerClasses = '[]', activeProfiles = '{}', propertySourceLocations = '{}', propertySourceProperties = '{org.springframework.boot.test.context.SpringBootTestContextBootstrapper=true}', contextCustomizers = set[org.springframework.boot.test.autoconfigure.OverrideAutoConfigurationContextCustomizerFactory$DisableAutoConfigurationContextCustomizer@27f09e08, org.springframework.boot.test.autoconfigure.actuate.metrics.MetricsExportContextCustomizerFactory$DisableMetricExportContextCustomizer@3bcd05cb, org.springframework.boot.test.autoconfigure.filter.TypeExcludeFiltersContextCustomizer@351584c0, org.springframework.boot.test.autoconfigure.properties.PropertyMappingContextCustomizer@ef03a099, org.springframework.boot.test.autoconfigure.web.servlet.WebDriverContextCustomizerFactory$Customizer@50f6ac94, [ImportsContextCustomizer@3b30409 key = [org.springframework.boot.autoconfigure.cache.CacheAutoConfiguration, org.springframework.boot.autoconfigure.data.jpa.JpaRepositoriesAutoConfiguration, org.springframework.boot.autoconfigure.flyway.FlywayAutoConfiguration, org.springframework.boot.autoconfigure.jdbc.DataSourceAutoConfiguration, org.springframework.boot.autoconfigure.jdbc.DataSourceTransactionManagerAutoConfiguration, org.springframework.boot.autoconfigure.jdbc.JdbcTemplateAutoConfiguration, org.springframework.boot.autoconfigure.liquibase.LiquibaseAutoConfiguration, org.springframework.boot.autoconfigure.orm.jpa.HibernateJpaAutoConfiguration, org.springframework.boot.autoconfigure.sql.init.SqlInitializationAutoConfiguration, org.springframework.boot.autoconfigure.transaction.TransactionAutoConfiguration, org.springframework.boot.test.autoconfigure.jdbc.TestDatabaseAutoConfiguration, org.springframework.boot.test.autoconfigure.orm.jpa.TestEntityManagerAutoConfiguration]], org.springframework.boot.test.context.filter.ExcludeFilterContextCustomizer@7f2cfe3f, org.springframework.boot.test.json.DuplicateJsonObjectContextCustomizerFactory$DuplicateJsonObjectContextCustomizer@6bb4dd34, org.springframework.boot.test.mock.mockito.MockitoContextCustomizer@0, org.springframework.boot.test.web.client.TestRestTemplateContextCustomizer@9cb8225, org.springframework.boot.test.context.SpringBootTestArgs@1, org.springframework.boot.test.context.SpringBootTestWebEnvironment@4c9f8c13], resourceBasePath = 'src/main/webapp', contextLoader = 'org.springframework.boot.test.context.SpringBootContextLoader', parent = [null]], attributes = map['org.springframework.test.context.web.ServletTestExecutionListener.activateListener' -> true, 'org.springframework.test.context.web.ServletTestExecutionListener.populatedRequestContextHolder' -> true, 'org.springframework.test.context.web.ServletTestExecutionListener.resetRequestContextHolder' -> true, 'org.springframework.test.context.event.ApplicationEventsTestExecutionListener.recordApplicationEvents' -> false]]
]]></system-out>
  <system-err><![CDATA[]]></system-err>
</testsuite>
